Starting Adapter Tuning fine-tuning on GPU...
Mon Dec  1 12:08:29 2025       
+-----------------------------------------------------------------------------------------+
| NVIDIA-SMI 570.86.15              Driver Version: 570.86.15      CUDA Version: 12.8     |
|-----------------------------------------+------------------------+----------------------+
| GPU  Name                 Persistence-M | Bus-Id          Disp.A | Volatile Uncorr. ECC |
| Fan  Temp   Perf          Pwr:Usage/Cap |           Memory-Usage | GPU-Util  Compute M. |
|                                         |                        |               MIG M. |
|=========================================+========================+======================|
|   0  NVIDIA A100-PCIE-40GB          On  |   00000000:86:00.0 Off |                    0 |
| N/A   21C    P0             29W /  250W |       1MiB /  40960MiB |      0%      Default |
|                                         |                        |             Disabled |
+-----------------------------------------+------------------------+----------------------+
                                                                                         
+-----------------------------------------------------------------------------------------+
| Processes:                                                                              |
|  GPU   GI   CI              PID   Type   Process name                        GPU Memory |
|        ID   ID                                                               Usage      |
|=========================================================================================|
|  No running processes found                                                             |
+-----------------------------------------------------------------------------------------+
Using device: cuda
Loading pretrained weights from pretrain/model_weights ...
Injecting adapters into decoder layers...
Freezing base parameters...
Unfreezing adapter parameters...

Adapter Parameter Summary:
  Total params:      144603985
  Trainable params:  1189632
  Ratio:            0.8227%

Epoch 01 | train_loss = 0.0506 | val_acc = 0.2500
Epoch 02 | train_loss = 0.0041 | val_acc = 0.2280
Epoch 03 | train_loss = 0.0001 | val_acc = 0.2440
Adapter Tuning complete.
Adapter Tuning fine-tuning completed.
