Starting Adapter Tuning fine-tuning on GPU...
Mon Dec  1 11:41:41 2025       
+-----------------------------------------------------------------------------------------+
| NVIDIA-SMI 570.86.15              Driver Version: 570.86.15      CUDA Version: 12.8     |
|-----------------------------------------+------------------------+----------------------+
| GPU  Name                 Persistence-M | Bus-Id          Disp.A | Volatile Uncorr. ECC |
| Fan  Temp   Perf          Pwr:Usage/Cap |           Memory-Usage | GPU-Util  Compute M. |
|                                         |                        |               MIG M. |
|=========================================+========================+======================|
|   0  NVIDIA A100-PCIE-40GB          On  |   00000000:2F:00.0 Off |                    0 |
| N/A   22C    P0             29W /  250W |       1MiB /  40960MiB |      0%      Default |
|                                         |                        |             Disabled |
+-----------------------------------------+------------------------+----------------------+
                                                                                         
+-----------------------------------------------------------------------------------------+
| Processes:                                                                              |
|  GPU   GI   CI              PID   Type   Process name                        GPU Memory |
|        ID   ID                                                               Usage      |
|=========================================================================================|
|  No running processes found                                                             |
+-----------------------------------------------------------------------------------------+
Using device: cuda
Traceback (most recent call last):
  File "/gpfs/projects/b1080/rz/cs461/HW3/peft_adapter.py", line 243, in <module>
    main()
  File "/gpfs/projects/b1080/rz/cs461/HW3/peft_adapter.py", line 189, in main
    model = TransformerGPT(
  File "/gpfs/projects/b1080/rz/cs461/HW3/starter.py", line 257, in __init__
    self.decoder = DecoderGPT(vocab_size, d_model, N, heads, opt.seqlen, opt.norm, dropout)
AttributeError: 'Namespace' object has no attribute 'norm'
Adapter Tuning fine-tuning completed.
